11.3.2023, 11:26:30 - DEBUG - user.service - getting users 
11.3.2023, 11:26:30 - INFO - getting mongoDB for development 
11.3.2023, 11:26:30 - DEBUG - tweet.service - getting tweets 
11.3.2023, 11:26:30 - INFO - getting mongoDB for development 
11.3.2023, 11:26:30 - DEBUG - tweet.service - getting hashtags 
11.3.2023, 11:26:30 - INFO - getting mongoDB for development 
11.3.2023, 11:27:16 - DEBUG - auth.service - signup with username: vtomer, fullName: Tomer Vardi 
11.3.2023, 11:27:16 - DEBUG - user.service - adding user: vtomer 
11.3.2023, 11:27:16 - DEBUG - auth.route - new account created: {"password":"$2b$10$qBdqBnIlDOkDRfBPkT8Onewjtt6/WGV7rtyUurn6tIHvahBFdAi0G","username":"vtomer","firstName":"Tomer","lastName":"Vardi","about":"","profileImg":"","coverImg":"","follows":[],"followers":[],"savedTweets":[],"isGuest":false,"_id":"640c4974bf6e8a24eff1712f"} 
11.3.2023, 11:27:16 - DEBUG - auth.service - login with username: vtomer 
11.3.2023, 11:27:16 - INFO - User signup:  | {"_id":"640c4974bf6e8a24eff1712f","username":"vtomer","firstName":"Tomer","lastName":"Vardi","about":"","profileImg":"","coverImg":"","follows":[],"followers":[],"savedTweets":[],"isGuest":false,"createdAt":"2023-03-11T09:27:16.000Z"} 
11.3.2023, 12:37:53 - DEBUG - user.service - getting users (userId: 640c4974bf6e8a24eff1712f)
11.3.2023, 12:37:53 - DEBUG - tweet.service - getting hashtags (userId: 640c4974bf6e8a24eff1712f)
11.3.2023, 12:37:53 - DEBUG - tweet.service - getting tweets (userId: 640c4974bf6e8a24eff1712f)
11.3.2023, 13:25:23 - DEBUG - user.service - getting users 
11.3.2023, 13:25:23 - DEBUG - tweet.service - getting tweets 
11.3.2023, 13:25:23 - DEBUG - tweet.service - getting hashtags 
11.3.2023, 13:31:00 - DEBUG - user.service - getting users 
11.3.2023, 13:31:00 - DEBUG - tweet.service - getting tweets 
11.3.2023, 13:31:00 - DEBUG - tweet.service - getting hashtags 
11.3.2023, 13:31:09 - DEBUG - user.service - getting users 
11.3.2023, 13:31:09 - DEBUG - tweet.service - getting tweets 
11.3.2023, 13:31:09 - DEBUG - tweet.service - getting hashtags 
11.3.2023, 13:31:12 - DEBUG - auth.service - login with username: vtomer 
11.3.2023, 13:31:12 - INFO - User login:  | {"_id":"640c4974bf6e8a24eff1712f","username":"vtomer","firstName":"Tomer","lastName":"Vardi","about":"","profileImg":"","coverImg":"","follows":[],"followers":[],"savedTweets":[],"isGuest":false,"createdAt":"2023-03-11T09:27:16.000Z"} 
11.3.2023, 13:35:38 - DEBUG - user.service - getting users (userId: 640c4974bf6e8a24eff1712f)
11.3.2023, 13:35:38 - DEBUG - tweet.service - getting tweets (userId: 640c4974bf6e8a24eff1712f)
11.3.2023, 13:35:38 - DEBUG - tweet.service - getting hashtags (userId: 640c4974bf6e8a24eff1712f)
11.3.2023, 13:37:03 - DEBUG - user.service - getting users (userId: 640c4974bf6e8a24eff1712f)
11.3.2023, 13:37:03 - DEBUG - tweet.service - getting tweets (userId: 640c4974bf6e8a24eff1712f)
11.3.2023, 13:37:03 - DEBUG - tweet.service - getting hashtags (userId: 640c4974bf6e8a24eff1712f)
11.3.2023, 14:06:48 - DEBUG - user.service - getting users (userId: 640c4974bf6e8a24eff1712f)
11.3.2023, 14:06:48 - DEBUG - tweet.service - getting hashtags (userId: 640c4974bf6e8a24eff1712f)
11.3.2023, 14:06:48 - DEBUG - tweet.service - getting tweets (userId: 640c4974bf6e8a24eff1712f)
11.3.2023, 14:07:26 - DEBUG - user.service - getting users 
11.3.2023, 14:07:26 - DEBUG - tweet.service - getting tweets 
11.3.2023, 14:07:26 - DEBUG - tweet.service - getting hashtags 
11.3.2023, 14:07:37 - DEBUG - user.service - getting users 
11.3.2023, 14:07:37 - DEBUG - tweet.service - getting tweets 
11.3.2023, 14:07:37 - DEBUG - tweet.service - getting hashtags 
11.3.2023, 14:07:41 - DEBUG - auth.service - login with username: vtomer 
11.3.2023, 14:07:41 - INFO - User login:  | {"_id":"640c4974bf6e8a24eff1712f","username":"vtomer","firstName":"Tomer","lastName":"Vardi","about":"","profileImg":"","coverImg":"","follows":[],"followers":[],"savedTweets":[],"isGuest":false,"createdAt":"2023-03-11T09:27:16.000Z"} 
11.3.2023, 14:08:57 - DEBUG - user.service - getting users (userId: 640c4974bf6e8a24eff1712f)
11.3.2023, 14:08:58 - DEBUG - tweet.service - getting hashtags (userId: 640c4974bf6e8a24eff1712f)
11.3.2023, 14:08:58 - DEBUG - tweet.service - getting tweets (userId: 640c4974bf6e8a24eff1712f)
11.3.2023, 14:11:12 - DEBUG - user.service - getting users (userId: 640c4974bf6e8a24eff1712f)
11.3.2023, 14:11:12 - DEBUG - tweet.service - getting tweets (userId: 640c4974bf6e8a24eff1712f)
11.3.2023, 14:11:12 - DEBUG - tweet.service - getting hashtags (userId: 640c4974bf6e8a24eff1712f)
11.3.2023, 14:11:45 - DEBUG - user.service - getting users (userId: 640c4974bf6e8a24eff1712f)
11.3.2023, 14:11:46 - DEBUG - tweet.service - getting hashtags (userId: 640c4974bf6e8a24eff1712f)
11.3.2023, 14:11:46 - DEBUG - tweet.service - getting tweets (userId: 640c4974bf6e8a24eff1712f)
11.3.2023, 14:20:45 - DEBUG - user.service - getting users (userId: 640c4974bf6e8a24eff1712f)
11.3.2023, 14:20:45 - DEBUG - tweet.service - getting tweets (userId: 640c4974bf6e8a24eff1712f)
11.3.2023, 14:20:46 - DEBUG - tweet.service - getting hashtags (userId: 640c4974bf6e8a24eff1712f)
11.3.2023, 14:22:23 - DEBUG - user.service - getting users (userId: 640c4974bf6e8a24eff1712f)
11.3.2023, 14:22:23 - DEBUG - tweet.service - getting tweets (userId: 640c4974bf6e8a24eff1712f)
11.3.2023, 14:22:23 - DEBUG - tweet.service - getting hashtags (userId: 640c4974bf6e8a24eff1712f)
11.3.2023, 16:35:43 - DEBUG - tweet.service - getting tweets (userId: 640c4974bf6e8a24eff1712f)
11.3.2023, 16:35:43 - DEBUG - tweet.service - getting hashtags (userId: 640c4974bf6e8a24eff1712f)
11.3.2023, 16:35:44 - DEBUG - user.service - getting users (userId: 640c4974bf6e8a24eff1712f)
11.3.2023, 16:51:13 - DEBUG - user.service - getting users (userId: 640c4974bf6e8a24eff1712f)
11.3.2023, 16:51:13 - DEBUG - tweet.service - getting hashtags (userId: 640c4974bf6e8a24eff1712f)
11.3.2023, 16:51:13 - DEBUG - tweet.service - getting tweets (userId: 640c4974bf6e8a24eff1712f)
11.3.2023, 16:51:31 - DEBUG - user.service - getting users (userId: 640c4974bf6e8a24eff1712f)
11.3.2023, 16:51:31 - DEBUG - tweet.service - getting tweets (userId: 640c4974bf6e8a24eff1712f)
11.3.2023, 16:51:31 - DEBUG - tweet.service - getting hashtags (userId: 640c4974bf6e8a24eff1712f)
11.3.2023, 16:54:00 - DEBUG - user.service - getting users (userId: 640c4974bf6e8a24eff1712f)
11.3.2023, 16:54:00 - DEBUG - tweet.service - getting hashtags (userId: 640c4974bf6e8a24eff1712f)
11.3.2023, 16:54:00 - DEBUG - tweet.service - getting tweets (userId: 640c4974bf6e8a24eff1712f)
11.3.2023, 17:13:21 - DEBUG - user.service - getting users (userId: 640c4974bf6e8a24eff1712f)
11.3.2023, 17:13:21 - DEBUG - tweet.service - getting tweets (userId: 640c4974bf6e8a24eff1712f)
11.3.2023, 17:13:21 - DEBUG - tweet.service - getting hashtags (userId: 640c4974bf6e8a24eff1712f)
11.3.2023, 17:13:57 - DEBUG - user.service - getting users (userId: 640c4974bf6e8a24eff1712f)
11.3.2023, 17:13:57 - DEBUG - tweet.service - getting tweets (userId: 640c4974bf6e8a24eff1712f)
11.3.2023, 17:13:57 - DEBUG - tweet.service - getting hashtags (userId: 640c4974bf6e8a24eff1712f)
11.3.2023, 17:23:44 - DEBUG - user.service - getting users (userId: 640c4974bf6e8a24eff1712f)
11.3.2023, 17:23:44 - DEBUG - tweet.service - getting hashtags (userId: 640c4974bf6e8a24eff1712f)
11.3.2023, 17:23:44 - DEBUG - tweet.service - getting tweets (userId: 640c4974bf6e8a24eff1712f)
11.3.2023, 17:24:21 - DEBUG - user.service - getting users (userId: 640c4974bf6e8a24eff1712f)
11.3.2023, 17:24:21 - DEBUG - tweet.service - getting tweets (userId: 640c4974bf6e8a24eff1712f)
11.3.2023, 17:24:21 - DEBUG - tweet.service - getting hashtags (userId: 640c4974bf6e8a24eff1712f)
11.3.2023, 17:28:14 - DEBUG - user.service - getting users (userId: 640c4974bf6e8a24eff1712f)
11.3.2023, 17:28:14 - DEBUG - tweet.service - getting tweets (userId: 640c4974bf6e8a24eff1712f)
11.3.2023, 17:28:15 - DEBUG - tweet.service - getting hashtags (userId: 640c4974bf6e8a24eff1712f)
11.3.2023, 17:28:21 - DEBUG - user.service - getting users (userId: 640c4974bf6e8a24eff1712f)
11.3.2023, 17:28:21 - DEBUG - tweet.service - getting tweets (userId: 640c4974bf6e8a24eff1712f)
11.3.2023, 17:28:21 - DEBUG - tweet.service - getting hashtags (userId: 640c4974bf6e8a24eff1712f)
11.3.2023, 17:30:53 - DEBUG - user.service - getting users (userId: 640c4974bf6e8a24eff1712f)
11.3.2023, 17:30:53 - DEBUG - tweet.service - getting tweets (userId: 640c4974bf6e8a24eff1712f)
11.3.2023, 17:30:53 - DEBUG - tweet.service - getting hashtags (userId: 640c4974bf6e8a24eff1712f)
11.3.2023, 17:31:32 - DEBUG - user.service - getting users (userId: 640c4974bf6e8a24eff1712f)
11.3.2023, 17:31:32 - DEBUG - tweet.service - getting tweets (userId: 640c4974bf6e8a24eff1712f)
11.3.2023, 17:31:32 - DEBUG - tweet.service - getting hashtags (userId: 640c4974bf6e8a24eff1712f)
11.3.2023, 17:33:50 - DEBUG - user.service - getting users (userId: 640c4974bf6e8a24eff1712f)
11.3.2023, 17:33:50 - DEBUG - tweet.service - getting tweets (userId: 640c4974bf6e8a24eff1712f)
11.3.2023, 17:33:50 - DEBUG - tweet.service - getting hashtags (userId: 640c4974bf6e8a24eff1712f)
11.3.2023, 17:34:03 - INFO - Tweet added:  | 640c9f6bbf6e8a24eff17130 (userId: 640c4974bf6e8a24eff1712f)
11.3.2023, 17:37:14 - DEBUG - user.service - getting users (userId: 640c4974bf6e8a24eff1712f)
11.3.2023, 17:37:14 - DEBUG - tweet.service - getting tweets (userId: 640c4974bf6e8a24eff1712f)
11.3.2023, 17:37:14 - DEBUG - tweet.service - getting hashtags (userId: 640c4974bf6e8a24eff1712f)
11.3.2023, 17:37:22 - DEBUG - user.service - getting users (userId: 640c4974bf6e8a24eff1712f)
11.3.2023, 17:37:22 - DEBUG - tweet.service - getting tweets (userId: 640c4974bf6e8a24eff1712f)
11.3.2023, 17:37:22 - DEBUG - tweet.service - getting hashtags (userId: 640c4974bf6e8a24eff1712f)
11.3.2023, 17:37:31 - DEBUG - user.service - getting users (userId: 640c4974bf6e8a24eff1712f)
11.3.2023, 17:37:31 - DEBUG - tweet.service - getting tweets (userId: 640c4974bf6e8a24eff1712f)
11.3.2023, 17:37:31 - DEBUG - tweet.service - getting hashtags (userId: 640c4974bf6e8a24eff1712f)
11.3.2023, 17:37:49 - DEBUG - user.service - getting users (userId: 640c4974bf6e8a24eff1712f)
11.3.2023, 17:37:49 - DEBUG - tweet.service - getting hashtags (userId: 640c4974bf6e8a24eff1712f)
11.3.2023, 17:37:49 - DEBUG - tweet.service - getting tweets (userId: 640c4974bf6e8a24eff1712f)
11.3.2023, 17:38:08 - DEBUG - user.service - getting users (userId: 640c4974bf6e8a24eff1712f)
11.3.2023, 17:38:08 - DEBUG - tweet.service - getting tweets (userId: 640c4974bf6e8a24eff1712f)
11.3.2023, 17:38:08 - DEBUG - tweet.service - getting hashtags (userId: 640c4974bf6e8a24eff1712f)
11.3.2023, 17:38:17 - DEBUG - user.service - getting users (userId: 640c4974bf6e8a24eff1712f)
11.3.2023, 17:38:17 - DEBUG - tweet.service - getting tweets (userId: 640c4974bf6e8a24eff1712f)
11.3.2023, 17:38:17 - DEBUG - tweet.service - getting hashtags (userId: 640c4974bf6e8a24eff1712f)
11.3.2023, 17:38:28 - DEBUG - user.service - getting users (userId: 640c4974bf6e8a24eff1712f)
11.3.2023, 17:38:28 - DEBUG - tweet.service - getting tweets (userId: 640c4974bf6e8a24eff1712f)
11.3.2023, 17:38:28 - DEBUG - tweet.service - getting hashtags (userId: 640c4974bf6e8a24eff1712f)
11.3.2023, 17:39:05 - DEBUG - user.service - getting users (userId: 640c4974bf6e8a24eff1712f)
11.3.2023, 17:39:05 - DEBUG - tweet.service - getting tweets (userId: 640c4974bf6e8a24eff1712f)
11.3.2023, 17:39:05 - DEBUG - tweet.service - getting hashtags (userId: 640c4974bf6e8a24eff1712f)
11.3.2023, 17:39:20 - DEBUG - user.service - getting users (userId: 640c4974bf6e8a24eff1712f)
11.3.2023, 17:39:20 - DEBUG - tweet.service - getting tweets (userId: 640c4974bf6e8a24eff1712f)
11.3.2023, 17:39:20 - DEBUG - tweet.service - getting hashtags (userId: 640c4974bf6e8a24eff1712f)
11.3.2023, 17:39:39 - DEBUG - user.service - getting users (userId: 640c4974bf6e8a24eff1712f)
11.3.2023, 17:39:39 - DEBUG - tweet.service - getting tweets (userId: 640c4974bf6e8a24eff1712f)
11.3.2023, 17:39:39 - DEBUG - tweet.service - getting hashtags (userId: 640c4974bf6e8a24eff1712f)
11.3.2023, 17:40:14 - DEBUG - user.service - getting users (userId: 640c4974bf6e8a24eff1712f)
11.3.2023, 17:40:14 - DEBUG - tweet.service - getting tweets (userId: 640c4974bf6e8a24eff1712f)
11.3.2023, 17:40:14 - DEBUG - tweet.service - getting hashtags (userId: 640c4974bf6e8a24eff1712f)
11.3.2023, 17:40:18 - DEBUG - user.service - getting users (userId: 640c4974bf6e8a24eff1712f)
11.3.2023, 17:40:18 - DEBUG - tweet.service - getting tweets (userId: 640c4974bf6e8a24eff1712f)
11.3.2023, 17:40:19 - DEBUG - tweet.service - getting hashtags (userId: 640c4974bf6e8a24eff1712f)
11.3.2023, 17:40:27 - DEBUG - user.service - getting users (userId: 640c4974bf6e8a24eff1712f)
11.3.2023, 17:40:27 - DEBUG - tweet.service - getting tweets (userId: 640c4974bf6e8a24eff1712f)
11.3.2023, 17:40:27 - DEBUG - tweet.service - getting hashtags (userId: 640c4974bf6e8a24eff1712f)
11.3.2023, 17:41:04 - DEBUG - user.service - getting users (userId: 640c4974bf6e8a24eff1712f)
11.3.2023, 17:41:04 - DEBUG - tweet.service - getting tweets (userId: 640c4974bf6e8a24eff1712f)
11.3.2023, 17:41:04 - DEBUG - tweet.service - getting hashtags (userId: 640c4974bf6e8a24eff1712f)
11.3.2023, 17:41:16 - DEBUG - user.service - getting users (userId: 640c4974bf6e8a24eff1712f)
11.3.2023, 17:41:17 - DEBUG - tweet.service - getting tweets (userId: 640c4974bf6e8a24eff1712f)
11.3.2023, 17:41:17 - DEBUG - tweet.service - getting hashtags (userId: 640c4974bf6e8a24eff1712f)
11.3.2023, 17:42:13 - DEBUG - user.service - getting users (userId: 640c4974bf6e8a24eff1712f)
11.3.2023, 17:42:13 - DEBUG - tweet.service - getting tweets (userId: 640c4974bf6e8a24eff1712f)
11.3.2023, 17:42:13 - DEBUG - tweet.service - getting hashtags (userId: 640c4974bf6e8a24eff1712f)
11.3.2023, 17:46:44 - DEBUG - user.service - getting users (userId: 640c4974bf6e8a24eff1712f)
11.3.2023, 17:46:44 - DEBUG - tweet.service - getting tweets (userId: 640c4974bf6e8a24eff1712f)
11.3.2023, 17:46:44 - DEBUG - tweet.service - getting hashtags (userId: 640c4974bf6e8a24eff1712f)
11.3.2023, 18:06:23 - DEBUG - user.service - getting users (userId: 640c4974bf6e8a24eff1712f)
11.3.2023, 18:06:23 - DEBUG - tweet.service - getting tweets (userId: 640c4974bf6e8a24eff1712f)
11.3.2023, 18:06:24 - DEBUG - tweet.service - getting hashtags (userId: 640c4974bf6e8a24eff1712f)
11.3.2023, 18:06:37 - INFO - Tweet removed:  | 640c9f6bbf6e8a24eff17130 (userId: 640c4974bf6e8a24eff1712f)
11.3.2023, 18:06:41 - DEBUG - user.service - getting users (userId: 640c4974bf6e8a24eff1712f)
11.3.2023, 18:06:41 - DEBUG - tweet.service - getting tweets (userId: 640c4974bf6e8a24eff1712f)
11.3.2023, 18:06:41 - DEBUG - tweet.service - getting hashtags (userId: 640c4974bf6e8a24eff1712f)
11.3.2023, 18:07:00 - INFO - Tweet added:  | 640ca724bf6e8a24eff17131 (userId: 640c4974bf6e8a24eff1712f)
11.3.2023, 18:07:14 - INFO - Tweet updated:  | 640ca724bf6e8a24eff17131 (userId: 640c4974bf6e8a24eff1712f)
11.3.2023, 18:07:14 - INFO - Retweet added:  | 640ca732bf6e8a24eff17132 (userId: 640c4974bf6e8a24eff1712f)
11.3.2023, 18:07:14 - INFO - Tweet updated:  | 640ca724bf6e8a24eff17131 (userId: 640c4974bf6e8a24eff1712f)
11.3.2023, 18:07:18 - INFO - Tweet removed:  | 640ca732bf6e8a24eff17132 (userId: 640c4974bf6e8a24eff1712f)
11.3.2023, 18:07:18 - INFO - Tweet updated:  | 640ca724bf6e8a24eff17131 (userId: 640c4974bf6e8a24eff1712f)
11.3.2023, 18:07:23 - DEBUG - user.service - getting users (userId: 640c4974bf6e8a24eff1712f)
11.3.2023, 18:07:23 - DEBUG - tweet.service - getting tweets (userId: 640c4974bf6e8a24eff1712f)
11.3.2023, 18:07:23 - DEBUG - tweet.service - getting hashtags (userId: 640c4974bf6e8a24eff1712f)
11.3.2023, 18:07:25 - INFO - Tweet updated:  | 640ca724bf6e8a24eff17131 (userId: 640c4974bf6e8a24eff1712f)
11.3.2023, 18:07:25 - INFO - Retweet added:  | 640ca73dbf6e8a24eff17133 (userId: 640c4974bf6e8a24eff1712f)
11.3.2023, 18:07:25 - INFO - Tweet updated:  | 640ca724bf6e8a24eff17131 (userId: 640c4974bf6e8a24eff1712f)
11.3.2023, 18:07:28 - DEBUG - user.service - getting users (userId: 640c4974bf6e8a24eff1712f)
11.3.2023, 18:07:28 - DEBUG - tweet.service - getting tweets (userId: 640c4974bf6e8a24eff1712f)
11.3.2023, 18:07:28 - DEBUG - tweet.service - getting hashtags (userId: 640c4974bf6e8a24eff1712f)
11.3.2023, 18:07:31 - INFO - Tweet removed:  | 640ca73dbf6e8a24eff17133 (userId: 640c4974bf6e8a24eff1712f)
11.3.2023, 18:07:31 - INFO - Tweet updated:  | 640ca724bf6e8a24eff17131 (userId: 640c4974bf6e8a24eff1712f)
11.3.2023, 18:07:34 - DEBUG - user.service - getting users (userId: 640c4974bf6e8a24eff1712f)
11.3.2023, 18:07:34 - DEBUG - tweet.service - getting tweets (userId: 640c4974bf6e8a24eff1712f)
11.3.2023, 18:07:34 - DEBUG - tweet.service - getting hashtags (userId: 640c4974bf6e8a24eff1712f)
11.3.2023, 18:07:39 - DEBUG - user.service - getting users (userId: 640c4974bf6e8a24eff1712f)
11.3.2023, 18:07:39 - DEBUG - tweet.service - getting tweets (userId: 640c4974bf6e8a24eff1712f)
11.3.2023, 18:07:39 - DEBUG - tweet.service - getting hashtags (userId: 640c4974bf6e8a24eff1712f)
11.3.2023, 18:19:30 - DEBUG - user.service - getting users (userId: 640c4974bf6e8a24eff1712f)
11.3.2023, 18:19:30 - DEBUG - tweet.service - getting hashtags (userId: 640c4974bf6e8a24eff1712f)
11.3.2023, 18:19:30 - DEBUG - tweet.service - getting tweets (userId: 640c4974bf6e8a24eff1712f)
11.3.2023, 18:21:22 - DEBUG - user.service - getting users (userId: 640c4974bf6e8a24eff1712f)
11.3.2023, 18:21:23 - DEBUG - tweet.service - getting hashtags (userId: 640c4974bf6e8a24eff1712f)
11.3.2023, 18:21:23 - DEBUG - tweet.service - getting tweets (userId: 640c4974bf6e8a24eff1712f)
11.3.2023, 18:27:22 - DEBUG - user.service - getting users (userId: 640c4974bf6e8a24eff1712f)
11.3.2023, 18:27:23 - DEBUG - tweet.service - getting tweets (userId: 640c4974bf6e8a24eff1712f)
11.3.2023, 18:27:23 - DEBUG - tweet.service - getting hashtags (userId: 640c4974bf6e8a24eff1712f)
11.3.2023, 18:27:27 - DEBUG - user.service - getting users (userId: 640c4974bf6e8a24eff1712f)
11.3.2023, 18:27:27 - DEBUG - tweet.service - getting tweets (userId: 640c4974bf6e8a24eff1712f)
11.3.2023, 18:27:27 - DEBUG - tweet.service - getting hashtags (userId: 640c4974bf6e8a24eff1712f)
11.3.2023, 18:28:56 - DEBUG - user.service - getting users (userId: 640c4974bf6e8a24eff1712f)
11.3.2023, 18:28:56 - DEBUG - tweet.service - getting tweets (userId: 640c4974bf6e8a24eff1712f)
11.3.2023, 18:28:56 - DEBUG - tweet.service - getting hashtags (userId: 640c4974bf6e8a24eff1712f)
11.3.2023, 18:38:38 - DEBUG - user.service - getting users (userId: 640c4974bf6e8a24eff1712f)
11.3.2023, 18:38:38 - DEBUG - tweet.service - getting hashtags (userId: 640c4974bf6e8a24eff1712f)
11.3.2023, 18:38:38 - DEBUG - tweet.service - getting tweets (userId: 640c4974bf6e8a24eff1712f)
11.3.2023, 18:39:33 - DEBUG - user.service - getting users (userId: 640c4974bf6e8a24eff1712f)
11.3.2023, 18:39:34 - DEBUG - tweet.service - getting hashtags (userId: 640c4974bf6e8a24eff1712f)
11.3.2023, 18:39:33 - DEBUG - tweet.service - getting tweets (userId: 640c4974bf6e8a24eff1712f)
11.3.2023, 18:44:21 - DEBUG - user.service - getting users (userId: 640c4974bf6e8a24eff1712f)
11.3.2023, 18:44:21 - DEBUG - tweet.service - getting hashtags (userId: 640c4974bf6e8a24eff1712f)
11.3.2023, 18:44:21 - DEBUG - tweet.service - getting tweets (userId: 640c4974bf6e8a24eff1712f)
11.3.2023, 18:44:23 - DEBUG - tweet.service - getting tweets (userId: 640c4974bf6e8a24eff1712f)
11.3.2023, 18:44:23 - DEBUG - tweet.service - getting hashtags (userId: 640c4974bf6e8a24eff1712f)
11.3.2023, 18:44:23 - DEBUG - user.service - getting users (userId: 640c4974bf6e8a24eff1712f)
11.3.2023, 18:45:14 - DEBUG - user.service - getting users (userId: 640c4974bf6e8a24eff1712f)
11.3.2023, 18:45:14 - DEBUG - tweet.service - getting tweets (userId: 640c4974bf6e8a24eff1712f)
11.3.2023, 18:45:14 - DEBUG - tweet.service - getting hashtags (userId: 640c4974bf6e8a24eff1712f)
11.3.2023, 18:45:28 - DEBUG - user.service - getting users (userId: 640c4974bf6e8a24eff1712f)
11.3.2023, 18:45:28 - DEBUG - tweet.service - getting hashtags (userId: 640c4974bf6e8a24eff1712f)
11.3.2023, 18:45:28 - DEBUG - tweet.service - getting tweets (userId: 640c4974bf6e8a24eff1712f)
11.3.2023, 18:52:03 - DEBUG - tweet.service - getting tweets (userId: 640c4974bf6e8a24eff1712f)
11.3.2023, 18:52:03 - DEBUG - user.service - getting users (userId: 640c4974bf6e8a24eff1712f)
11.3.2023, 18:52:04 - DEBUG - tweet.service - getting hashtags (userId: 640c4974bf6e8a24eff1712f)
11.3.2023, 18:53:29 - INFO - Tweet added:  | 640cb209bf6e8a24eff17134 (userId: 640c4974bf6e8a24eff1712f)
11.3.2023, 18:53:32 - INFO - Tweet added:  | 640cb20cbf6e8a24eff17135 (userId: 640c4974bf6e8a24eff1712f)
11.3.2023, 18:54:52 - DEBUG - user.service - getting users (userId: 640c4974bf6e8a24eff1712f)
11.3.2023, 18:54:52 - DEBUG - tweet.service - getting tweets (userId: 640c4974bf6e8a24eff1712f)
11.3.2023, 18:54:52 - DEBUG - tweet.service - getting hashtags (userId: 640c4974bf6e8a24eff1712f)
11.3.2023, 18:54:56 - DEBUG - user.service - getting users (userId: 640c4974bf6e8a24eff1712f)
11.3.2023, 18:54:57 - DEBUG - tweet.service - getting tweets (userId: 640c4974bf6e8a24eff1712f)
11.3.2023, 18:54:57 - DEBUG - tweet.service - getting hashtags (userId: 640c4974bf6e8a24eff1712f)
11.3.2023, 18:55:17 - DEBUG - auth.service - login with username: vtomer 
11.3.2023, 18:55:17 - INFO - User login:  | {"_id":"640c4974bf6e8a24eff1712f","username":"vtomer","firstName":"Tomer","lastName":"Vardi","about":"","profileImg":"","coverImg":"","follows":[],"followers":[],"savedTweets":[],"isGuest":false,"createdAt":"2023-03-11T09:27:16.000Z"} 
11.3.2023, 19:04:11 - DEBUG - user.service - getting users 
11.3.2023, 19:04:11 - DEBUG - tweet.service - getting tweets 
11.3.2023, 19:04:11 - DEBUG - tweet.service - getting hashtags 
11.3.2023, 19:05:28 - DEBUG - auth.service - login with username: vtomer 
11.3.2023, 19:05:28 - INFO - User login:  | {"_id":"640c4974bf6e8a24eff1712f","username":"vtomer","firstName":"Tomer","lastName":"Vardi","about":"","profileImg":"","coverImg":"","follows":[],"followers":[],"savedTweets":[],"isGuest":false,"createdAt":"2023-03-11T09:27:16.000Z"} 
11.3.2023, 19:23:27 - DEBUG - auth.service - login with username: vtomer 
11.3.2023, 19:23:27 - INFO - User login:  | {"_id":"640c4974bf6e8a24eff1712f","username":"vtomer","firstName":"Tomer","lastName":"Vardi","about":"","profileImg":"","coverImg":"","follows":[],"followers":[],"savedTweets":[],"isGuest":false,"createdAt":"2023-03-11T09:27:16.000Z"} 
11.3.2023, 19:23:39 - DEBUG - user.service - getting users (userId: 640c4974bf6e8a24eff1712f)
11.3.2023, 19:23:39 - DEBUG - tweet.service - getting tweets (userId: 640c4974bf6e8a24eff1712f)
11.3.2023, 19:23:39 - DEBUG - tweet.service - getting hashtags (userId: 640c4974bf6e8a24eff1712f)
11.3.2023, 19:23:42 - DEBUG - user.service - getting users (userId: 640c4974bf6e8a24eff1712f)
11.3.2023, 19:23:42 - DEBUG - tweet.service - getting tweets (userId: 640c4974bf6e8a24eff1712f)
11.3.2023, 19:23:42 - DEBUG - tweet.service - getting hashtags (userId: 640c4974bf6e8a24eff1712f)
11.3.2023, 19:23:47 - DEBUG - user.service - getting users (userId: 640c4974bf6e8a24eff1712f)
11.3.2023, 19:23:48 - DEBUG - tweet.service - getting tweets (userId: 640c4974bf6e8a24eff1712f)
11.3.2023, 19:23:48 - DEBUG - tweet.service - getting hashtags (userId: 640c4974bf6e8a24eff1712f)
11.3.2023, 19:27:01 - INFO - Tweet removed:  | 640cb20cbf6e8a24eff17135 (userId: 640c4974bf6e8a24eff1712f)
11.3.2023, 19:27:43 - INFO - Tweet added:  | 640cba0fbf6e8a24eff17136 (userId: 640c4974bf6e8a24eff1712f)
11.3.2023, 19:27:52 - INFO - Tweet removed:  | 640cba0fbf6e8a24eff17136 (userId: 640c4974bf6e8a24eff1712f)
11.3.2023, 19:28:44 - INFO - Tweet added:  | 640cba4cbf6e8a24eff17137 (userId: 640c4974bf6e8a24eff1712f)
11.3.2023, 19:28:56 - DEBUG - user.service - getting users (userId: 640c4974bf6e8a24eff1712f)
11.3.2023, 19:28:56 - DEBUG - tweet.service - getting tweets (userId: 640c4974bf6e8a24eff1712f)
11.3.2023, 19:28:56 - DEBUG - tweet.service - getting hashtags (userId: 640c4974bf6e8a24eff1712f)
11.3.2023, 19:28:59 - DEBUG - tweet.service - getting tweets (userId: 640c4974bf6e8a24eff1712f)
11.3.2023, 19:28:59 - DEBUG - tweet.service - getting hashtags (userId: 640c4974bf6e8a24eff1712f)
11.3.2023, 19:28:59 - DEBUG - user.service - getting users (userId: 640c4974bf6e8a24eff1712f)
11.3.2023, 19:29:03 - DEBUG - tweet.service - getting hashtags (userId: 640c4974bf6e8a24eff1712f)
11.3.2023, 19:29:03 - DEBUG - user.service - getting users (userId: 640c4974bf6e8a24eff1712f)
11.3.2023, 19:29:03 - DEBUG - tweet.service - getting tweets (userId: 640c4974bf6e8a24eff1712f)
11.3.2023, 19:30:54 - DEBUG - user.service - getting users (userId: 640c4974bf6e8a24eff1712f)
11.3.2023, 19:30:54 - DEBUG - tweet.service - getting tweets (userId: 640c4974bf6e8a24eff1712f)
11.3.2023, 19:30:54 - DEBUG - tweet.service - getting hashtags (userId: 640c4974bf6e8a24eff1712f)
11.3.2023, 20:06:23 - INFO - Tweet removed:  | 640cba4cbf6e8a24eff17137 (userId: 640c4974bf6e8a24eff1712f)
11.3.2023, 20:06:24 - INFO - Tweet removed:  | 640cb209bf6e8a24eff17134 (userId: 640c4974bf6e8a24eff1712f)
11.3.2023, 20:06:26 - INFO - Tweet removed:  | 640ca724bf6e8a24eff17131 (userId: 640c4974bf6e8a24eff1712f)
11.3.2023, 20:08:20 - INFO - Tweet added:  | 640cc394bf6e8a24eff17138 (userId: 640c4974bf6e8a24eff1712f)
11.3.2023, 20:08:37 - INFO - Tweet removed:  | 640cc394bf6e8a24eff17138 (userId: 640c4974bf6e8a24eff1712f)
11.3.2023, 20:08:49 - INFO - Tweet added:  | 640cc3b1bf6e8a24eff17139 (userId: 640c4974bf6e8a24eff1712f)
11.3.2023, 20:08:55 - INFO - Tweet removed:  | 640cc3b1bf6e8a24eff17139 (userId: 640c4974bf6e8a24eff1712f)
11.3.2023, 20:10:58 - DEBUG - tweet.service - getting tweets (userId: 640c4974bf6e8a24eff1712f)
11.3.2023, 20:10:58 - DEBUG - user.service - getting users (userId: 640c4974bf6e8a24eff1712f)
11.3.2023, 20:10:58 - DEBUG - tweet.service - getting hashtags (userId: 640c4974bf6e8a24eff1712f)
11.3.2023, 20:13:50 - INFO - Tweet added:  | 640cc4debf6e8a24eff1713a (userId: 640c4974bf6e8a24eff1712f)
11.3.2023, 20:36:54 - DEBUG - user.service - getting users (userId: 640c4974bf6e8a24eff1712f)
11.3.2023, 20:36:54 - DEBUG - tweet.service - getting tweets (userId: 640c4974bf6e8a24eff1712f)
11.3.2023, 20:36:54 - DEBUG - tweet.service - getting hashtags (userId: 640c4974bf6e8a24eff1712f)
11.3.2023, 20:51:54 - DEBUG - tweet.service - getting tweets (userId: 640c4974bf6e8a24eff1712f)
11.3.2023, 20:51:55 - DEBUG - user.service - getting users (userId: 640c4974bf6e8a24eff1712f)
11.3.2023, 20:51:55 - DEBUG - tweet.service - getting hashtags (userId: 640c4974bf6e8a24eff1712f)
11.3.2023, 20:52:16 - DEBUG - user.service - getting users (userId: 640c4974bf6e8a24eff1712f)
11.3.2023, 20:52:16 - DEBUG - tweet.service - getting tweets (userId: 640c4974bf6e8a24eff1712f)
11.3.2023, 20:52:16 - DEBUG - tweet.service - getting hashtags (userId: 640c4974bf6e8a24eff1712f)
11.3.2023, 21:00:35 - INFO - Tweet added:  | 640ccfd3bf6e8a24eff1713b (userId: 640c4974bf6e8a24eff1712f)
11.3.2023, 21:41:23 - DEBUG - user.service - getting users (userId: 640c4974bf6e8a24eff1712f)
11.3.2023, 21:41:23 - DEBUG - tweet.service - getting tweets (userId: 640c4974bf6e8a24eff1712f)
11.3.2023, 21:41:23 - DEBUG - tweet.service - getting hashtags (userId: 640c4974bf6e8a24eff1712f)
11.3.2023, 21:41:29 - DEBUG - user.service - getting users (userId: 640c4974bf6e8a24eff1712f)
11.3.2023, 21:41:29 - DEBUG - tweet.service - getting tweets (userId: 640c4974bf6e8a24eff1712f)
11.3.2023, 21:41:29 - DEBUG - tweet.service - getting hashtags (userId: 640c4974bf6e8a24eff1712f)
11.3.2023, 21:41:46 - DEBUG - user.service - getting users (userId: 640c4974bf6e8a24eff1712f)
11.3.2023, 21:41:46 - DEBUG - tweet.service - getting hashtags (userId: 640c4974bf6e8a24eff1712f)
11.3.2023, 21:41:46 - DEBUG - tweet.service - getting tweets (userId: 640c4974bf6e8a24eff1712f)
11.3.2023, 21:45:08 - DEBUG - user.service - getting users (userId: 640c4974bf6e8a24eff1712f)
11.3.2023, 21:45:08 - DEBUG - tweet.service - getting tweets (userId: 640c4974bf6e8a24eff1712f)
11.3.2023, 21:45:08 - DEBUG - tweet.service - getting hashtags (userId: 640c4974bf6e8a24eff1712f)
11.3.2023, 21:45:20 - DEBUG - user.service - getting users (userId: 640c4974bf6e8a24eff1712f)
11.3.2023, 21:45:21 - DEBUG - tweet.service - getting tweets (userId: 640c4974bf6e8a24eff1712f)
11.3.2023, 21:45:21 - DEBUG - tweet.service - getting hashtags (userId: 640c4974bf6e8a24eff1712f)
11.3.2023, 21:45:23 - DEBUG - user.service - getting users (userId: 640c4974bf6e8a24eff1712f)
11.3.2023, 21:45:23 - DEBUG - tweet.service - getting tweets (userId: 640c4974bf6e8a24eff1712f)
11.3.2023, 21:45:23 - DEBUG - tweet.service - getting hashtags (userId: 640c4974bf6e8a24eff1712f)
11.3.2023, 21:45:45 - DEBUG - user.service - getting users (userId: 640c4974bf6e8a24eff1712f)
11.3.2023, 21:45:45 - DEBUG - tweet.service - getting hashtags (userId: 640c4974bf6e8a24eff1712f)
11.3.2023, 21:45:45 - DEBUG - tweet.service - getting tweets (userId: 640c4974bf6e8a24eff1712f)
11.3.2023, 21:45:48 - DEBUG - user.service - getting users (userId: 640c4974bf6e8a24eff1712f)
11.3.2023, 21:45:48 - DEBUG - tweet.service - getting hashtags (userId: 640c4974bf6e8a24eff1712f)
11.3.2023, 21:45:48 - DEBUG - tweet.service - getting tweets (userId: 640c4974bf6e8a24eff1712f)
11.3.2023, 21:46:27 - DEBUG - user.service - getting users (userId: 640c4974bf6e8a24eff1712f)
11.3.2023, 21:46:27 - DEBUG - tweet.service - getting tweets (userId: 640c4974bf6e8a24eff1712f)
11.3.2023, 21:46:27 - DEBUG - tweet.service - getting hashtags (userId: 640c4974bf6e8a24eff1712f)
11.3.2023, 21:46:33 - DEBUG - tweet.service - getting hashtags (userId: 640c4974bf6e8a24eff1712f)
11.3.2023, 21:46:33 - DEBUG - tweet.service - getting tweets (userId: 640c4974bf6e8a24eff1712f)
11.3.2023, 21:46:33 - DEBUG - user.service - getting users (userId: 640c4974bf6e8a24eff1712f)
11.3.2023, 21:47:54 - DEBUG - user.service - getting users (userId: 640c4974bf6e8a24eff1712f)
11.3.2023, 21:47:54 - DEBUG - tweet.service - getting tweets (userId: 640c4974bf6e8a24eff1712f)
11.3.2023, 21:47:54 - DEBUG - tweet.service - getting hashtags (userId: 640c4974bf6e8a24eff1712f)
11.3.2023, 21:49:02 - DEBUG - user.service - getting users (userId: 640c4974bf6e8a24eff1712f)
11.3.2023, 21:49:02 - DEBUG - tweet.service - getting tweets (userId: 640c4974bf6e8a24eff1712f)
11.3.2023, 21:49:02 - DEBUG - tweet.service - getting hashtags (userId: 640c4974bf6e8a24eff1712f)
11.3.2023, 22:05:36 - DEBUG - user.service - getting users (userId: 640c4974bf6e8a24eff1712f)
11.3.2023, 22:05:36 - DEBUG - tweet.service - getting tweets (userId: 640c4974bf6e8a24eff1712f)
11.3.2023, 22:05:37 - DEBUG - tweet.service - getting hashtags (userId: 640c4974bf6e8a24eff1712f)
